<?xml version="1.0" encoding="UTF-8"?>
<!-- Generated by org.testng.reporters.JUnitXMLReporter -->
<testsuite ignored="12" failures="0" tests="8" name="LoginTest" time="59.572" errors="0" timestamp="2023-09-01T03:17:38 BDT">
  <testcase classname="com.rokomari.tests.MainPageTest" name="homePageTest" time="5.297"/>
  <testcase classname="com.rokomari.tests.WriterPageTest" name="writerPageTest" time="9.773"/>
  <testcase classname="com.rokomari.tests.SelectBookTest" name="selectbook" time="6.014"/>
  <testcase classname="com.rokomari.tests.CartTest" name="cartPageTest" time="8.753"/>
  <testcase classname="com.rokomari.tests.CartScrollingWithRocketSelectTest" name="cartScrollTest" time="4.271"/>
  <testcase classname="com.rokomari.tests.SignOutTest" name="signOutPageTest" time="5.003"/>
  <testcase classname="com.rokomari.tests.loginAfterSignOutTest" name="signOutPageTest" time="6.993"/>
  <testcase classname="com.rokomari.tests.GoogleSigninBtnTest" name="writerPageTest" time="9.91"/>
  <testcase classname="com.rokomari.drivers.BaseDriver" name="@BeforeSuite Start" time="0.0">
    <ignored/>
  </testcase> <!-- @BeforeSuite Start -->
  <testcase classname="com.rokomari.drivers.BaseDriver" name="@BeforeSuite Start" time="0.0">
    <ignored/>
  </testcase> <!-- @BeforeSuite Start -->
  <testcase classname="com.rokomari.drivers.BaseDriver" name="@AfterSuite close" time="0.0">
    <ignored/>
  </testcase> <!-- @AfterSuite close -->
  <testcase classname="com.rokomari.drivers.BaseDriver" name="@BeforeSuite Start" time="0.0">
    <ignored/>
  </testcase> <!-- @BeforeSuite Start -->
  <testcase classname="com.rokomari.drivers.BaseDriver" name="@AfterSuite close" time="0.0">
    <ignored/>
  </testcase> <!-- @AfterSuite close -->
  <testcase classname="com.rokomari.drivers.BaseDriver" name="@BeforeSuite Start" time="0.0">
    <ignored/>
  </testcase> <!-- @BeforeSuite Start -->
  <testcase classname="com.rokomari.drivers.BaseDriver" name="@AfterSuite close" time="0.0">
    <ignored/>
  </testcase> <!-- @AfterSuite close -->
  <testcase classname="com.rokomari.drivers.BaseDriver" name="@AfterSuite close" time="0.0">
    <ignored/>
  </testcase> <!-- @AfterSuite close -->
  <testcase classname="com.rokomari.drivers.BaseDriver" name="@BeforeSuite Start" time="0.0">
    <ignored/>
  </testcase> <!-- @BeforeSuite Start -->
  <testcase classname="com.rokomari.drivers.BaseDriver" name="@AfterSuite close" time="0.0">
    <ignored/>
  </testcase> <!-- @AfterSuite close -->
  <testcase classname="com.rokomari.drivers.BaseDriver" name="@BeforeSuite Start" time="0.0">
    <ignored/>
  </testcase> <!-- @BeforeSuite Start -->
  <testcase classname="com.rokomari.drivers.BaseDriver" name="@AfterSuite close" time="0.0">
    <ignored/>
  </testcase> <!-- @AfterSuite close -->
</testsuite> <!-- LoginTest -->
