<?xml version="1.0" encoding="UTF-8"?>
<!-- Generated by org.testng.reporters.JUnitXMLReporter -->
<testsuite ignored="12" failures="0" tests="8" name="LoginTest" time="58.446" errors="0" timestamp="2023-09-01T02:59:58 BDT">
  <testcase classname="com.rokomari.tests.MainPageTest" name="homePageTest" time="4.904"/>
  <testcase classname="com.rokomari.tests.WriterPageTest" name="writerPageTest" time="9.427"/>
  <testcase classname="com.rokomari.tests.SelectBookTest" name="selectbook" time="5.748"/>
  <testcase classname="com.rokomari.tests.CartTest" name="cartPageTest" time="8.752"/>
  <testcase classname="com.rokomari.tests.CartScrollingWithRocketSelectTest" name="cartScrollTest" time="4.341"/>
  <testcase classname="com.rokomari.tests.SignOutTest" name="signOutPageTest" time="5.049"/>
  <testcase classname="com.rokomari.tests.loginAfterSignOutTest" name="signOutPageTest" time="6.964"/>
  <testcase classname="com.rokomari.tests.GoogleSigninBtnTest" name="writerPageTest" time="9.783"/>
  <testcase classname="com.rokomari.drivers.BaseDriver" name="@BeforeSuite Start" time="0.0">
    <ignored/>
  </testcase> <!-- @BeforeSuite Start -->
  <testcase classname="com.rokomari.drivers.BaseDriver" name="@BeforeSuite Start" time="0.0">
    <ignored/>
  </testcase> <!-- @BeforeSuite Start -->
  <testcase classname="com.rokomari.drivers.BaseDriver" name="@AfterSuite close" time="0.0">
    <ignored/>
  </testcase> <!-- @AfterSuite close -->
  <testcase classname="com.rokomari.drivers.BaseDriver" name="@BeforeSuite Start" time="0.0">
    <ignored/>
  </testcase> <!-- @BeforeSuite Start -->
  <testcase classname="com.rokomari.drivers.BaseDriver" name="@AfterSuite close" time="0.0">
    <ignored/>
  </testcase> <!-- @AfterSuite close -->
  <testcase classname="com.rokomari.drivers.BaseDriver" name="@BeforeSuite Start" time="0.0">
    <ignored/>
  </testcase> <!-- @BeforeSuite Start -->
  <testcase classname="com.rokomari.drivers.BaseDriver" name="@AfterSuite close" time="0.0">
    <ignored/>
  </testcase> <!-- @AfterSuite close -->
  <testcase classname="com.rokomari.drivers.BaseDriver" name="@AfterSuite close" time="0.0">
    <ignored/>
  </testcase> <!-- @AfterSuite close -->
  <testcase classname="com.rokomari.drivers.BaseDriver" name="@BeforeSuite Start" time="0.0">
    <ignored/>
  </testcase> <!-- @BeforeSuite Start -->
  <testcase classname="com.rokomari.drivers.BaseDriver" name="@AfterSuite close" time="0.0">
    <ignored/>
  </testcase> <!-- @AfterSuite close -->
  <testcase classname="com.rokomari.drivers.BaseDriver" name="@BeforeSuite Start" time="0.0">
    <ignored/>
  </testcase> <!-- @BeforeSuite Start -->
  <testcase classname="com.rokomari.drivers.BaseDriver" name="@AfterSuite close" time="0.0">
    <ignored/>
  </testcase> <!-- @AfterSuite close -->
</testsuite> <!-- LoginTest -->
